[00:41:36] [ServerMain/INFO]: Environment: Environment[sessionHost=https://sessionserver.mojang.com, servicesHost=https://api.minecraftservices.com, name=PROD]
[00:41:38] [ServerMain/INFO]: Loaded 7 recipes
[00:41:38] [ServerMain/INFO]: Loaded 1271 advancements
[00:41:38] [Server thread/INFO]: Starting minecraft server version 1.20.4
[00:41:38] [Server thread/INFO]: Loading properties
[00:41:38] [Server thread/INFO]: Default game type: SURVIVAL
[00:41:38] [Server thread/INFO]: Generating keypair
[00:41:38] [Server thread/INFO]: Starting Minecraft server on *:25565
[00:41:39] [Server thread/INFO]: Using epoll channel type
[00:41:39] [Server thread/WARN]: **** SERVER IS RUNNING IN OFFLINE/INSECURE MODE!
[00:41:39] [Server thread/WARN]: The server will make no attempt to authenticate usernames. Beware.
[00:41:39] [Server thread/WARN]: While this makes the game possible to play without internet access, it also opens up the ability for hackers to connect with any username they choose.
[00:41:39] [Server thread/WARN]: To change this, set "online-mode" to "true" in the server.properties file.
[00:41:39] [Server thread/INFO]: Preparing level "world"
[00:41:42] [Server thread/INFO]: Preparing start region for dimension minecraft:overworld
[00:41:45] [Worker-Main-1/INFO]: Preparing spawn area: 0%
[00:41:45] [Worker-Main-3/INFO]: Preparing spawn area: 0%
[00:41:45] [Worker-Main-3/INFO]: Preparing spawn area: 0%
[00:41:45] [Worker-Main-3/INFO]: Preparing spawn area: 0%
[00:41:45] [Worker-Main-2/INFO]: Preparing spawn area: 0%
[00:41:45] [Worker-Main-1/INFO]: Preparing spawn area: 0%
[00:41:45] [Worker-Main-2/INFO]: Preparing spawn area: 0%
[00:41:46] [Worker-Main-2/INFO]: Preparing spawn area: 0%
[00:41:46] [Worker-Main-2/INFO]: Preparing spawn area: 63%
[00:41:46] [Server thread/INFO]: Time elapsed: 4168 ms
[00:41:46] [Server thread/INFO]: Done (7.861s)! For help, type "help"
[00:42:36] [Server thread/INFO]: TavyronTujax[/127.46.249.115:40651] logged in with entity id 82 at (-610.6999999880791, 64.5625, 213.61657804307399)
[00:42:36] [Server thread/INFO]: TavyronTujax joined the game
[00:43:52] [Server thread/INFO]: Jobelmax757[/127.46.249.115:43447] logged in with entity id 448 at (-568.3000000119209, -52.4375, 74.69999998807907)
[00:43:52] [Server thread/INFO]: Jobelmax757 joined the game
[00:44:05] [Server thread/INFO]: TavyronTujax has made the advancement [Not Today, Thank You]
[00:44:36] [Server thread/INFO]: SANLORENZO[/127.68.242.207:51621] logged in with entity id 660 at (-266.5, 72.0, 322.5)
[00:44:36] [Server thread/INFO]: SANLORENZO joined the game
[00:45:33] [Server thread/INFO]: Made Jobelmax757 a server operator
[00:45:50] [Server thread/INFO]: [Jobelmax757: Teleported Jobelmax757 to SANLORENZO]
[00:46:26] [Server thread/INFO]: [Jobelmax757: Played sound minecraft:entity.creeper.primed to SANLORENZO]
[00:46:32] [Server thread/INFO]: [Jobelmax757: Played sound minecraft:entity.creeper.primed to SANLORENZO]
[00:46:41] [Server thread/INFO]: [Jobelmax757: Played sound minecraft:entity.creeper.primed to 3 players]
[00:46:45] [Server thread/INFO]: [Jobelmax757: Played sound minecraft:entity.creeper.primed to 3 players]
[00:46:53] [Server thread/INFO]: [Jobelmax757: Played sound minecraft:entity.creeper.primed to 3 players]
[00:47:01] [Server thread/INFO]: [Jobelmax757: Played sound minecraft:entity.creeper.primed to 3 players]
[00:47:09] [Server thread/INFO]: SANLORENZO has made the advancement [Stone Age]
[00:47:58] [Server thread/INFO]: TavyronTujax has made the advancement [Best Friends Forever]
[00:48:13] [Server thread/INFO]: SANLORENZO has made the advancement [Getting an Upgrade]
[00:48:49] [Server thread/WARN]: Mismatch in destroy block pos: hx{x=-580, y=64, z=103} hx{x=-581, y=62, z=103}
[00:48:49] [Server thread/WARN]: Mismatch in destroy block pos: hx{x=-580, y=64, z=103} hx{x=-581, y=62, z=103}
[00:51:22] [Server thread/INFO]: TavyronTujax has made the advancement [A Seedy Place]
[00:52:56] [Server thread/INFO]: Locating element minecraft:village_plains took 1504 ms
[00:52:56] [Server thread/WARN]: SANLORENZO moved too quickly! 9.988482846293977,-1.0435356201475088,-0.14974506683313393
[00:54:46] [Server thread/INFO]: [Not Secure] <Jobelmax757> encleseve
[00:55:24] [Server thread/WARN]: Mismatch in destroy block pos: hx{x=-192, y=64, z=656} hx{x=-192, y=62, z=656}
[00:55:24] [Server thread/WARN]: Mismatch in destroy block pos: hx{x=-192, y=64, z=656} hx{x=-192, y=62, z=656}
[00:55:24] [Server thread/WARN]: Mismatch in destroy block pos: hx{x=-191, y=64, z=656} hx{x=-191, y=62, z=656}
[00:55:24] [Server thread/WARN]: Mismatch in destroy block pos: hx{x=-191, y=64, z=656} hx{x=-191, y=62, z=656}
[00:55:24] [Server thread/WARN]: Mismatch in destroy block pos: hx{x=-190, y=64, z=656} hx{x=-190, y=62, z=656}
[00:56:14] [Server thread/INFO]: SANLORENZO has made the advancement [Sweet Dreams]
[00:56:37] [Server thread/INFO]: belucitae[/127.148.141.124:52631] logged in with entity id 5465 at (-447.66610441140836, 62.0, 209.62352427725017)
[00:56:37] [Server thread/INFO]: belucitae joined the game
[00:58:12] [Server thread/INFO]: [Not Secure] <TavyronTujax> -619 201
[00:58:41] [Server thread/INFO]: SANLORENZO has made the advancement [Monster Hunter]
[00:59:29] [Server thread/INFO]: SANLORENZO has made the advancement [Acquire Hardware]
[01:01:18] [Server thread/WARN]: Mismatch in destroy block pos: hx{x=-158, y=64, z=668} hx{x=-157, y=62, z=668}
[01:01:18] [Server thread/WARN]: Mismatch in destroy block pos: hx{x=-158, y=64, z=668} hx{x=-157, y=62, z=668}
[01:03:20] [Server thread/INFO]: belucitae has made the advancement [Sweet Dreams]
[01:03:24] [Server thread/INFO]: [Not Secure] <TavyronTujax> -619 201
[01:03:46] [Server thread/INFO]: [Not Secure] <Jobelmax757> 1500 -200
[01:03:59] [Server thread/INFO]: [Not Secure] <Jobelmax757> -1500
[01:11:27] [Server thread/INFO]: SANLORENZO has made the advancement [Suit Up]
[01:11:38] [Server thread/INFO]: SANLORENZO has made the advancement [Isn't It Iron Pick]
[01:13:09] [Server thread/INFO]: Jobelmax757 was slain by SANLORENZO
[01:13:35] [Server thread/INFO]: belucitae was slain by Zombie
[01:14:48] [Server thread/INFO]: [Jobelmax757: Teleported Jobelmax757 to SANLORENZO]
[01:20:28] [Server thread/INFO]: [Jobelmax757: Gave 999 [Egg] to belucitae]
[01:20:37] [Server thread/INFO]: [Jobelmax757: Gave 999 [Egg] to belucitae]
[01:20:37] [Server thread/INFO]: [Jobelmax757: Gave 999 [Egg] to belucitae]
[01:20:37] [Server thread/INFO]: [Jobelmax757: Gave 999 [Egg] to belucitae]
[01:20:42] [Server thread/INFO]: Jobelmax757 fell from a high place
[01:20:46] [Server thread/WARN]: Mismatch in destroy block pos: hx{x=-878, y=-19, z=60} hx{x=-877, y=-20, z=60}
[01:20:46] [Server thread/WARN]: Mismatch in destroy block pos: hx{x=-878, y=-19, z=60} hx{x=-877, y=-20, z=60}
[01:20:57] [Server thread/INFO]: [Not Secure] <TavyronTujax> PER FEVERRRRR
[01:20:58] [Server thread/INFO]: [Jobelmax757: Teleported Jobelmax757 to SANLORENZO]
[01:21:07] [Server thread/INFO]: [Not Secure] <SANLORENZO> sebe
[01:21:18] [Server thread/INFO]: [Not Secure] <SANLORENZO> aprende a compartir tus cosas
[01:21:44] [Server thread/INFO]: [Not Secure] <TavyronTujax> nde kp tene borrador?
[01:21:51] [Server thread/INFO]: [Not Secure] <TavyronTujax> presta tu virome kp
[01:21:58] [Server thread/INFO]: [Not Secure] <TavyronTujax> invita un chiki kp
[01:22:05] [Server thread/INFO]: [Not Secure] <TavyronTujax> nde kp no tene un domil?
[01:23:38] [Server thread/INFO]: [Not Secure] <TavyronTujax> ndiii
[01:23:54] [Server thread/INFO]: [Jobelmax757: Teleported belucitae to TavyronTujax]
[01:24:27] [Server thread/INFO]: [Not Secure] <TavyronTujax> busca madera de cherry para el motel tigo
[01:35:06] [Server thread/WARN]: Mismatch in destroy block pos: hx{x=-1535, y=64, z=-306} hx{x=-1536, y=62, z=-309}
[01:35:07] [Server thread/WARN]: Mismatch in destroy block pos: hx{x=-1533, y=64, z=-306} hx{x=-1532, y=62, z=-307}
[01:35:07] [Server thread/WARN]: Mismatch in destroy block pos: hx{x=-1533, y=64, z=-306} hx{x=-1532, y=62, z=-307}
[01:35:07] [Server thread/WARN]: Mismatch in destroy block pos: hx{x=-1533, y=64, z=-306} hx{x=-1532, y=62, z=-307}
[01:35:09] [Server thread/WARN]: Mismatch in destroy block pos: hx{x=-1538, y=64, z=-312} hx{x=-1539, y=62, z=-312}
[01:35:09] [Server thread/WARN]: Mismatch in destroy block pos: hx{x=-1538, y=64, z=-312} hx{x=-1539, y=62, z=-312}
[01:35:09] [Server thread/WARN]: Mismatch in destroy block pos: hx{x=-1540, y=64, z=-313} hx{x=-1541, y=62, z=-311}
[01:35:09] [Server thread/WARN]: Mismatch in destroy block pos: hx{x=-1540, y=64, z=-313} hx{x=-1541, y=62, z=-311}
[01:36:39] [Server thread/INFO]: TavyronTujax was slain by Iron Golem
[01:38:22] [Server thread/INFO]: SANLORENZO has made the advancement [Diamonds!]
[01:40:14] [Server thread/INFO]: Villager cev['Leatherworker'/13758, l='ServerLevel[world]', x=-1498.43, y=69.00, z=-226.38] died, message: 'Leatherworker was slain by Zombie'
[01:40:21] [Server thread/INFO]: Villager cev['Leatherworker'/13693, l='ServerLevel[world]', x=-1499.38, y=69.00, z=-226.21] died, message: 'Leatherworker was slain by Zombie'
[01:40:28] [Server thread/INFO]: Villager cev['Villager'/13777, l='ServerLevel[world]', x=-1499.57, y=69.00, z=-228.81] died, message: 'Villager was slain by Zombie'
[01:40:29] [Server thread/INFO]: Villager cev['Farmer'/13922, l='ServerLevel[world]', x=-1499.47, y=69.00, z=-228.10] died, message: 'Farmer was slain by Zombie Villager'
[01:40:53] [Server thread/INFO]: Jobelmax757 has made the advancement [Suit Up]
[01:40:57] [Server thread/INFO]: Jobelmax757 lost connection: Timed out
[01:40:57] [Server thread/INFO]: Jobelmax757 left the game
[01:40:57] [Server thread/WARN]: handleDisconnection() called twice
[01:42:53] [Server thread/INFO]: Jobelmax757[/127.46.249.115:60927] logged in with entity id 33210 at (-842.9137381695009, -57.0, 285.68043676508836)
[01:42:53] [Server thread/INFO]: Jobelmax757 joined the game
[01:47:40] [Server thread/INFO]: TavyronTujax fell from a high place
[01:48:18] [Server thread/INFO]: [Jobelmax757: Applied enchantment Fortune III to SANLORENZO's item]
[01:55:33] [Server thread/INFO]: [Jobelmax757: Set TavyronTujax's game mode to Creative Mode]
[01:59:28] [Server thread/WARN]: TavyronTujax moved too quickly! -3.3994590692989277,-10.174282209455939,1.4860145871535053
[01:59:30] [Server thread/INFO]: Villager cev['Leatherworker'/13936, l='ServerLevel[world]', x=-1499.33, y=69.00, z=-228.94] died, message: 'Leatherworker was slain by Zombie'
[01:59:30] [Server thread/INFO]: SANLORENZO has made the advancement [We Need to Go Deeper]
[01:59:36] [Server thread/INFO]: Villager cev['Leatherworker'/37291, l='ServerLevel[world]', x=-1498.40, y=69.00, z=-226.23] died, message: 'Leatherworker was slain by Zombie'
[01:59:41] [Server thread/INFO]: Villager cev['Leatherworker'/13695, l='ServerLevel[world]', x=-1499.34, y=69.00, z=-227.25] died, message: 'Leatherworker was slain by Zombie Villager'
[01:59:44] [Server thread/INFO]: Villager cev['Farmer'/14029, l='ServerLevel[world]', x=-1518.45, y=69.82, z=-237.58] died, message: 'Farmer was slain by Zombie'
[01:59:59] [Server thread/INFO]: Villager cev['Leatherworker'/13756, l='ServerLevel[world]', x=-1516.30, y=65.94, z=-217.75] died, message: 'Leatherworker was slain by Zombie'
[02:03:08] [Server thread/INFO]: Jobelmax757 has completed the challenge [Return to Sender]
[02:03:56] [Server thread/INFO]: SANLORENZO has made the advancement [A Terrible Fortress]
[02:04:10] [Server thread/INFO]: SANLORENZO was burned to a crisp while fighting Blaze
[02:04:13] [Server thread/INFO]: Jobelmax757 has made the advancement [A Terrible Fortress]
[02:04:23] [Server thread/INFO]: [Jobelmax757: Teleported SANLORENZO to Jobelmax757]
[02:04:42] [Server thread/INFO]: [Jobelmax757: Teleported SANLORENZO to Jobelmax757]
[02:05:00] [Server thread/INFO]: belucitae lost connection: Disconnected
[02:05:00] [Server thread/INFO]: belucitae left the game
[02:05:02] [Server thread/INFO]: TavyronTujax has made the advancement [We Need to Go Deeper]
[02:05:02] [Server thread/INFO]: [Jobelmax757: Teleported TavyronTujax to Jobelmax757]
[02:05:13] [Server thread/INFO]: TavyronTujax has made the advancement [A Terrible Fortress]
[02:05:19] [Server thread/INFO]: belucitae[/127.148.141.124:41303] logged in with entity id 56055 at (-2991.362990588917, -33.0, -537.616066882624)
[02:05:19] [Server thread/INFO]: belucitae joined the game
[02:05:22] [Server thread/INFO]: belucitae was shot by Skeleton
[02:05:59] [Server thread/INFO]: [Not Secure] <TavyronTujax> -619 202
[02:06:01] [Server thread/INFO]: [Not Secure] <TavyronTujax> tt
[02:07:02] [Server thread/INFO]: [Jobelmax757: Teleported belucitae to Jobelmax757]
[02:07:03] [Server thread/INFO]: belucitae has made the advancement [A Terrible Fortress]
[02:07:32] [Server thread/INFO]: Jobelmax757 has made the advancement [Into Fire]
[02:08:08] [Server thread/INFO]: belucitae tried to swim in lava
[02:08:08] [Server thread/INFO]: [Jobelmax757: Teleported belucitae to Jobelmax757]
[02:08:20] [Server thread/INFO]: [Jobelmax757: Teleported belucitae to Jobelmax757]
[02:13:30] [Server thread/INFO]: SANLORENZO has made the advancement [Into Fire]
[02:14:48] [Server thread/INFO]: Jobelmax757 was slain by belucitae
[02:15:01] [Server thread/INFO]: [Jobelmax757: Set own game mode to Creative Mode]
[02:15:03] [Server thread/INFO]: [Jobelmax757: Set own game mode to Survival Mode]
[02:15:05] [Server thread/INFO]: [Jobelmax757: Set own game mode to Creative Mode]
[02:15:12] [Server thread/INFO]: belucitae has made the advancement [Into Fire]
[02:15:43] [Server thread/INFO]: [Jobelmax757: Set own game mode to Survival Mode]
[02:15:45] [Server thread/INFO]: [Jobelmax757: Set own game mode to Creative Mode]
[02:15:50] [Server thread/INFO]: [Jobelmax757: Teleported Jobelmax757 to SANLORENZO]
[02:16:00] [Server thread/INFO]: [Jobelmax757: Set own game mode to Survival Mode]
[02:16:09] [Server thread/INFO]: [Jobelmax757: Set own game mode to Creative Mode]
[02:16:27] [Server thread/INFO]: [Jobelmax757: Set own game mode to Survival Mode]
[02:19:34] [Server thread/INFO]: belucitae tried to swim in lava
[02:19:53] [Server thread/INFO]: Jobelmax757 was slain by Blaze
[02:20:02] [Server thread/INFO]: [Jobelmax757: Teleported Jobelmax757 to SANLORENZO]
[02:20:14] [Server thread/INFO]: SANLORENZO burned to death
[02:20:28] [Server thread/INFO]: Jobelmax757 was burned to a crisp while fighting Blaze
[02:20:47] [Server thread/INFO]: [Jobelmax757: Teleported 4 entities to TavyronTujax]
[02:21:28] [Server thread/INFO]: [Jobelmax757: Set own game mode to Creative Mode]
[02:21:34] [Server thread/INFO]: [Jobelmax757: Set own game mode to Survival Mode]
[02:21:37] [Server thread/INFO]: [Jobelmax757: Set own game mode to Creative Mode]
[02:21:46] [Server thread/INFO]: [Jobelmax757: Successfully filled 1000 block(s)]
[02:21:46] [Server thread/WARN]: Mismatch in destroy block pos: hx{x=-97, y=32, z=-204} hx{x=-99, y=35, z=-200}
[02:21:47] [Server thread/INFO]: belucitae was slain by SANLORENZO
[02:21:52] [Server thread/INFO]: SANLORENZO was blown up by Jobelmax757
[02:21:54] [Server thread/WARN]: Can't keep up! Is the server overloaded? Running 2123ms or 42 ticks behind
[02:22:03] [Server thread/INFO]: [Jobelmax757: Teleported 4 entities to TavyronTujax]
[02:22:05] [Server thread/INFO]: belucitae tried to swim in lava
[02:22:06] [Server thread/INFO]: SANLORENZO tried to swim in lava
[02:22:09] [Server thread/INFO]: [Jobelmax757: Teleported 4 entities to Jobelmax757]
[02:22:38] [Server thread/INFO]: [Jobelmax757: Teleported 4 entities to Jobelmax757]
[02:22:40] [Server thread/WARN]: belucitae moved too quickly! 0.0,-11.433643280623432,0.0
[02:22:40] [Server thread/INFO]: SANLORENZO was doomed to fall by belucitae
[02:22:42] [Server thread/INFO]: belucitae tried to swim in lava
[02:22:46] [Server thread/INFO]: TavyronTujax has made the advancement [Spooky Scary Skeleton]
[02:22:46] [Server thread/INFO]: [Jobelmax757: Teleported 4 entities to Jobelmax757]
